{"name": "test_google_search", "status": "failed", "statusDetails": {"message": "AssertionError: Expected 'Python' in title, but got Python_百度搜索\nassert 'hello' in 'Python_百度搜索'\n +  where 'Python_百度搜索' = <selenium.webdriver.chrome.webdriver.WebDriver (session=\"644d4cc76a26f61aaf6c5a99694f1a9f\")>.title", "trace": "def test_google_search():\n        # 使用 Service 指定 WebDriver 路径\n        service = Service('/Users/panen/Documents/GitRepo/AutomaticTest/chromedriver-mac-arm64/chromedriver')\n        driver = webdriver.Chrome(service=service)\n    \n        # 访问百度首页\n        driver.get(\"https://www.baidu.com/\")\n    \n        # 找到搜索框并输入查询内容\n        search_box = driver.find_element(\"id\", \"kw\")\n        search_box.send_keys(\"Python\")\n        search_box.send_keys(Keys.RETURN)\n    \n        # 等待搜索结果加载\n        WebDriverWait(driver, 10).until(\n            EC.presence_of_element_located((By.CSS_SELECTOR, \"h3\"))  # 等待搜索结果加载\n        )\n    \n        # 验证页面标题\n>       assert \"hello\" in driver.title, f\"Expected 'Python' in title, but got {driver.title}\"\nE       AssertionError: Expected 'Python' in title, but got Python_百度搜索\nE       assert 'hello' in 'Python_百度搜索'\nE        +  where 'Python_百度搜索' = <selenium.webdriver.chrome.webdriver.WebDriver (session=\"644d4cc76a26f61aaf6c5a99694f1a9f\")>.title\n\ntests/test_google.py:27: AssertionError"}, "start": 1739867969637, "stop": 1739867972403, "uuid": "0b0c0f61-8a1e-4b02-9e0f-722e7aac792c", "historyId": "634f5d2439f820e13288e14eebc71ad0", "testCaseId": "634f5d2439f820e13288e14eebc71ad0", "fullName": "tests.test_google#test_google_search", "labels": [{"name": "parentSuite", "value": "tests"}, {"name": "suite", "value": "test_google"}, {"name": "host", "value": "MPC.local"}, {"name": "thread", "value": "48280-MainThread"}, {"name": "framework", "value": "pytest"}, {"name": "language", "value": "cpython3"}, {"name": "package", "value": "tests.test_google"}]}